make all --print-data-base --no-builtin-variables --no-builtin-rules --question
# GNU Make 4.1
# Built for x86_64-pc-linux-gnu
# Copyright (C) 1988-2014 Free Software Foundation, Inc.
# License GPLv3+: GNU GPL version 3 or later <http://gnu.org/licenses/gpl.html>
# This is free software: you are free to change and redistribute it.
# There is NO WARRANTY, to the extent permitted by law.

# Make data base, printed on Sat Jan 29 06:52:46 2022

# Variables

# 'override' directive
GNUMAKEFLAGS := 
# automatic
<D = $(patsubst %/,%,$(dir $<))
# automatic
?F = $(notdir $?)
# environment
DESKTOP_SESSION = ubuntu
# default
.SHELLFLAGS := -c
# environment
SNAP_COMMON = /var/snap/code/common
# environment
XDG_SESSION_TYPE = x11
# environment
VSCODE_LOG_NATIVE = false
# environment
NVM_INC = /home/adisuper/.nvm/versions/node/v16.13.1/include/node
# automatic
?D = $(patsubst %/,%,$(dir $?))
# environment
IM_CONFIG_PHASE = 2
# automatic
@D = $(patsubst %/,%,$(dir $@))
# environment
XAUTHORITY = /run/user/1000/gdm/Xauthority
# environment
GDMSESSION = ubuntu
# environment
XMODIFIERS = @im=ibus
# makefile
CURDIR := /home/adisuper/Courses/DBI/Project/Project1
# makefile
SHELL = /bin/sh
# environment
SNAP_DATA = /var/snap/code/85
# environment
VSCODE_NLS_CONFIG = {"locale":"en-us","availableLanguages":{},"_languagePackSupport":true}
# environment
_ = /snap/code/85/usr/share/code/code
# environment
XDG_CONFIG_DIRS = /etc/xdg/xdg-ubuntu:/etc/xdg
# environment
SNAP_INSTANCE_NAME = code
# environment
SNAP_ARCH = amd64
# makefile (from 'Makefile', line 1)
MAKEFILE_LIST :=  Makefile
# environment
JAVA_HOME = /opt/jdk-16.0.2
# automatic
@F = $(notdir $@)
# environment
GIO_LAUNCHED_DESKTOP_FILE = /var/lib/snapd/desktop/applications/code_code.desktop
# environment
USERNAME = adisuper
# environment
MANDATORY_PATH = /usr/share/gconf/ubuntu.mandatory.path
# environment
XDG_DATA_DIRS = /usr/share/ubuntu:/usr/local/share/:/usr/share/:/var/lib/snapd/desktop
# environment
DBUS_SESSION_BUS_ADDRESS = unix:path=/run/user/1000/bus
# environment
VSCODE_VERBOSE_LOGGING = true
# environment
P9K_SSH = 0
# environment
CLUTTER_IM_MODULE = xim
# environment
VSCODE_IPC_HOOK_EXTHOST = /run/user/1000/vscode-ipc-ff72010e-7ff6-4e95-b996-7ed1c5ad4859.sock
# environment
OpenCV_INCLUDE_DIRS = /home/adisuper/Work/CudaProgramming/openCVInstallation/build/include
# environment
VSCODE_CWD = /home/adisuper
# environment
GSETTINGS_SCHEMA_DIR = /snap/code/85/usr/share/glib-2.0/schemas
# default
MAKE_HOST := x86_64-pc-linux-gnu
# environment
PATH = /home/adisuper/.nvm/versions/node/v16.13.1/bin:/home/adisuper/.cargo/bin:/usr/local/sbin:/usr/local/bin:/usr/sbin:/usr/bin:/sbin:/bin:/usr/games:/usr/local/games:/snap/bin:/usr/local/cuda/bin:/opt/jdk-16.0.2/bin
# environment
GPG_AGENT_INFO = /run/user/1000/gnupg/S.gpg-agent:0:1
# environment
SESSION_MANAGER = local/adisuper-G7-7700:@/tmp/.ICE-unix/2026,unix/adisuper-G7-7700:/tmp/.ICE-unix/2026
# environment
XDG_RUNTIME_DIR = /run/user/1000
# environment
GDK_PIXBUF_MODULE_FILE = /home/adisuper/snap/code/common/.cache/gdk-pixbuf-loaders.cache
# environment
TEXTDOMAIN = im-config
# environment
SNAP = /snap/code/85
# environment
NVM_BIN = /home/adisuper/.nvm/versions/node/v16.13.1/bin
# environment
BREAKPAD_DUMP_LOCATION = /home/adisuper/.config/Code/exthost Crash Reports
# environment
SNAP_VERSION = 899d46d8
# environment
XDG_MENU_PREFIX = gnome-
# environment
VSCODE_LOG_STACK = false
# environment
DISABLE_WAYLAND = 1
# environment
VSCODE_CRASH_REPORTER_START_OPTIONS = {"companyName":"Microsoft","productName":"VSCode","submitURL":"appcenter://code?aid=fba07a4d-84bd-4fc8-a125-9640fc8ce171&uid=0c834c3f-5ddf-4a9c-bacb-4bef33e98c3c&iid=0c834c3f-5ddf-4a9c-bacb-4bef33e98c3c&sid=0c834c3f-5ddf-4a9c-bacb-4bef33e98c3c","uploadToServer":true}
# environment
GDK_PIXBUF_MODULEDIR = /snap/code/85/usr/lib/x86_64-linux-gnu/gdk-pixbuf-2.0/2.10.0/loaders
# default
.FEATURES := target-specific order-only second-expansion else-if shortest-stem undefine oneshell archives jobserver output-sync check-symlink load
# environment
LS_COLORS = 
# environment
XDG_SESSION_DESKTOP = ubuntu
# environment
SSH_AUTH_SOCK = /run/user/1000/keyring/ssh
# environment
GIO_LAUNCHED_DESKTOP_FILE_PID = 20651
# automatic
%F = $(notdir $%)
# environment
DISPLAY = :1
# environment
GTK_IM_MODULE = ibus
# environment
VSCODE_PIPE_LOGGING = true
# environment
SNAP_INSTANCE_KEY = 
# environment
PWD = /home/adisuper/Courses/DBI/Project/Project1
# environment
XDG_SEAT = seat0
# environment
SSH_AGENT_PID = 2122
# makefile (from 'Makefile', line 3)
tag = -i
# environment
ORIGINAL_XDG_CURRENT_DESKTOP = ubuntu:GNOME
# environment
GTK_MODULES = gail:atk-bridge
# environment
VSCODE_AMD_ENTRYPOINT = vs/workbench/services/extensions/node/extensionHostProcess
# environment
HOME = /home/adisuper
# environment
VSCODE_CLI = 1
# environment
VSCODE_CODE_CACHE_PATH = /home/adisuper/.config/Code/CachedData/899d46d82c4c95423fb7e10e68eba52050e30ba3
# environment
LOGNAME = adisuper
# environment
APPLICATION_INSIGHTS_NO_DIAGNOSTIC_CHANNEL = true
# environment
SNAP_LIBRARY_PATH = /var/lib/snapd/lib/gl:/var/lib/snapd/lib/gl32:/var/lib/snapd/void
# environment
SNAP_CONTEXT = 36WPxmYu8vdirY7L93iVm_ceVE9kB87UK7IrzRcIdRbV7nTRPo5I
# environment
NVM_CD_FLAGS = -q
# environment
VALGRIND_LIB = /usr/lib/valgrind
# environment
ELECTRON_NO_ATTACH_CONSOLE = 1
# environment
SNAP_USER_COMMON = /home/adisuper/snap/code/common
# environment
VSCODE_HANDLES_UNCAUGHT_ERRORS = true
# default
MAKE_VERSION := 4.1
# environment
GNOME_DESKTOP_SESSION_ID = this-is-deprecated
# automatic
^D = $(patsubst %/,%,$(dir $^))
# environment
XDG_VTNR = 2
# environment
MAKELEVEL := 0
# environment
SNAP_REAL_HOME = /home/adisuper
# default
MAKE = $(MAKE_COMMAND)
# default
MAKECMDGOALS := all
# environment
QT_IM_MODULE = ibus
# environment
SNAP_USER_DATA = /home/adisuper/snap/code/85
# environment
SHLVL = 1
# makefile (from 'Makefile', line 1)
CC = g++ -O2 -Wno-deprecated 
# environment
GNOME_SHELL_SESSION_MODE = ubuntu
# environment
XDG_SESSION_ID = 2
# environment
USER = adisuper
# environment
SNAP_REVISION = 85
# makefile
.DEFAULT_GOAL := test.out
# environment
XDG_CURRENT_DESKTOP = Unity
# automatic
%D = $(patsubst %/,%,$(dir $%))
# default
MAKE_COMMAND := make
# environment
OLDPWD = /home/adisuper
# default
.VARIABLES := 
# automatic
*F = $(notdir $*)
# environment
VSCODE_IPC_HOOK = /run/user/1000/vscode-cdb1fd96-1.63.2-main.sock
# environment
BAMF_DESKTOP_FILE_HINT = /var/lib/snapd/desktop/applications/code_code.desktop
# makefile
MAKEFLAGS = pqrR
# environment
MFLAGS = -pqrR
# automatic
*D = $(patsubst %/,%,$(dir $*))
# environment
NVM_DIR = /home/adisuper/.nvm
# automatic
+D = $(patsubst %/,%,$(dir $+))
# environment
GDK_BACKEND = x11
# automatic
+F = $(notdir $+)
# environment
S_COLORS = auto
# environment
QT_ACCESSIBILITY = 1
# environment
DEFAULTS_PATH = /usr/share/gconf/ubuntu.default.path
# environment
TEXTDOMAINDIR = /usr/share/locale/
# default
MAKEFILES := 
# environment
SNAP_COOKIE = 36WPxmYu8vdirY7L93iVm_ceVE9kB87UK7IrzRcIdRbV7nTRPo5I
# automatic
<F = $(notdir $<)
# environment
ELECTRON_RUN_AS_NODE = 1
# environment
SNAP_NAME = code
# environment
LC_ALL = C
# environment
QT4_IM_MODULE = xim
# environment
GJS_DEBUG_TOPICS = JS ERROR;JS LOG
# automatic
^F = $(notdir $^)
# default
SUFFIXES := 
# environment
SNAP_REEXEC = 
# environment
CHROME_DESKTOP = code-url-handler.desktop
# environment
WINDOWPATH = 2
# default
.INCLUDE_DIRS = /usr/include /usr/local/include /usr/include
# environment
GJS_DEBUG_OUTPUT = stderr
# default
.RECIPEPREFIX := 
# environment
LANG = C
# environment
OpenCV_LIB = /home/adisuper/Work/CudaProgramming/openCVInstallation/build/lib
# environment
VSCODE_PID = 20699
# variable set hash-table stats:
 
make: *** No rule to make target 'all'.  Stop.
 
# Load=138/1024=13%, Rehash=0, Collisions=22/164=13%

# Pattern-specific Variable Values

# No pattern-specific variable values.

# Directories

# . (device 66312, inode 1838234): 34 files, no impossibilities.

# 34 files, no impossibilities in 1 directories.

# Implicit Rules

# No implicit rules.

# Files

# Not a target:
Schema.cc:
#  Implicit rule search has not been done.
#  Modification time never checked.
#  File has not been updated.

# Not a target:
all:
#  Command line target.
#  Implicit rule search has been done.
#  File does not exist.
#  File has not been updated.

lex.yy.o: Lexer.l
#  Implicit rule search has not been done.
#  Modification time never checked.
#  File has not been updated.
#  recipe to execute (from 'Makefile', line 45):
	lex  Lexer.l
	gcc  -c lex.yy.c

# Not a target:
Makefile:
#  Implicit rule search has been done.
#  Last modified 2018-01-25 08:18:57
#  File has been updated.
#  Successfully updated.

test.o: test.cc
#  Implicit rule search has not been done.
#  Modification time never checked.
#  File has not been updated.
#  recipe to execute (from 'Makefile', line 16):
	$(CC) -g -c test.cc

y.tab.o: Parser.y
#  Implicit rule search has not been done.
#  Modification time never checked.
#  File has not been updated.
#  recipe to execute (from 'Makefile', line 40):
	yacc -d Parser.y
	sed $(tag) y.tab.c -e "s/  __attribute__ ((__unused__))$$/# ifndef __cplusplus\n  __attribute__ ((__unused__));\n# endif/" 
	g++ -c y.tab.c

# Not a target:
test.cc:
#  Implicit rule search has not been done.
#  Modification time never checked.
#  File has not been updated.

File.o: File.cc
#  Implicit rule search has not been done.
#  Modification time never checked.
#  File has not been updated.
#  recipe to execute (from 'Makefile', line 31):
	$(CC) -g -c File.cc

# Not a target:
Parser.y:
#  Implicit rule search has not been done.
#  Modification time never checked.
#  File has not been updated.

# Not a target:
.DEFAULT:
#  Implicit rule search has not been done.
#  Modification time never checked.
#  File has not been updated.

# Not a target:
File.cc:
#  Implicit rule search has not been done.
#  Modification time never checked.
#  File has not been updated.

test.out: Record.o Comparison.o ComparisonEngine.o Schema.o File.o DBFile.o y.tab.o lex.yy.o test.o
#  Implicit rule search has not been done.
#  Modification time never checked.
#  File has not been updated.
#  recipe to execute (from 'Makefile', line 10):
	$(CC) -o test.out Record.o Comparison.o ComparisonEngine.o Schema.o File.o DBFile.o y.tab.o lex.yy.o test.o -lfl
	

Comparison.o: Comparison.cc
#  Implicit rule search has not been done.
#  Modification time never checked.
#  File has not been updated.
#  recipe to execute (from 'Makefile', line 22):
	$(CC) -g -c Comparison.cc
	

Record.o: Record.cc
#  Implicit rule search has not been done.
#  Modification time never checked.
#  File has not been updated.
#  recipe to execute (from 'Makefile', line 34):
	$(CC) -g -c Record.cc

clean:
#  Implicit rule search has not been done.
#  Modification time never checked.
#  File has not been updated.
#  recipe to execute (from 'Makefile', line 49):
	rm -f *.o
	rm -f *.out
	rm -f y.tab.c
	rm -f lex.yy.c
	rm -f y.tab.h

# Not a target:
Comparison.cc:
#  Implicit rule search has not been done.
#  Modification time never checked.
#  File has not been updated.

ComparisonEngine.o: ComparisonEngine.cc
#  Implicit rule search has not been done.
#  Modification time never checked.
#  File has not been updated.
#  recipe to execute (from 'Makefile', line 25):
	$(CC) -g -c ComparisonEngine.cc
	

# Not a target:
Record.cc:
#  Implicit rule search has not been done.
#  Modification time never checked.
#  File has not been updated.

main: Record.o Comparison.o ComparisonEngine.o Schema.o File.o y.tab.o lex.yy.o main.o
#  Implicit rule search has not been done.
#  Modification time never checked.
#  File has not been updated.
#  recipe to execute (from 'Makefile', line 13):
	$(CC) -o main Record.o Comparison.o ComparisonEngine.o Schema.o File.o y.tab.o lex.yy.o main.o -lfl
	

main.o: main.cc
#  Implicit rule search has not been done.
#  Modification time never checked.
#  File has not been updated.
#  recipe to execute (from 'Makefile', line 19):
	$(CC) -g -c main.cc
	

DBFile.o: DBFile.cc
#  Implicit rule search has not been done.
#  Modification time never checked.
#  File has not been updated.
#  recipe to execute (from 'Makefile', line 28):
	$(CC) -g -c DBFile.cc

# Not a target:
Lexer.l:
#  Implicit rule search has not been done.
#  Modification time never checked.
#  File has not been updated.

# Not a target:
ComparisonEngine.cc:
#  Implicit rule search has not been done.
#  Modification time never checked.
#  File has not been updated.

# Not a target:
main.cc:
#  Implicit rule search has not been done.
#  Modification time never checked.
#  File has not been updated.

Schema.o: Schema.cc
#  Implicit rule search has not been done.
#  Modification time never checked.
#  File has not been updated.
#  recipe to execute (from 'Makefile', line 37):
	$(CC) -g -c Schema.cc
	

# Not a target:
DBFile.cc:
#  Implicit rule search has not been done.
#  Modification time never checked.
#  File has not been updated.

# files hash-table stats:
# Load=27/1024=3%, Rehash=0, Collisions=0/74=0%
# VPATH Search Paths

# No 'vpath' search paths.

# No general ('VPATH' variable) search path.

# strcache buffers: 1 (0) / strings = 52 / storage = 505 B / avg = 9 B
# current buf: size = 8162 B / used = 505 B / count = 52 / avg = 9 B

# strcache performance: lookups = 96 / hit rate = 45%
# hash-table stats:
# Load=52/8192=1%, Rehash=0, Collisions=1/96=1%
# Finished Make data base on Sat Jan 29 06:52:46 2022

 
